<?xml version="1.0" encoding="UTF-8"?>
<!-- Generated by org.testng.reporters.JUnitXMLReporter -->
<testsuite hostname="Varijas-MacBook-Pro.local" ignored="0" name="Amazon Home" tests="25" failures="1" timestamp="23 Mar 2019 22:56:56 GMT" time="435.527" errors="0">
  <testcase name="testAdFeedbackWindow" time="4.121" classname="testamazonpages.TestHomePageAmazon"/>
  <testcase name="testAddToCart" time="12.789" classname="testamazonpages.TestHomePageAmazon"/>
  <testcase name="testCheckboxesInGiftCards" time="16.723" classname="testamazonpages.TestHomePageAmazon"/>
  <testcase name="testClickLangSettings" time="10.707" classname="testamazonpages.TestHomePageAmazon"/>
  <testcase name="testExaternalLinks" time="82.262" classname="testamazonpages.TestHomePageAmazon"/>
  <testcase name="testGetDropdownOptions" time="0.605" classname="testamazonpages.TestHomePageAmazon"/>
  <testcase name="testGetPrimePageTabs" time="12.358" classname="testamazonpages.TestHomePageAmazon"/>
  <testcase name="testIFrameExample" time="20.501" classname="testamazonpages.TestHomePageAmazon">
    <failure type="org.openqa.selenium.TimeoutException" message="Expected condition failed: waiting for element to be clickable: Proxy element for: DefaultElementLocator &amp;apos;By.xpath: //img[@id=&amp;apos;staticImage&amp;apos;]&amp;apos; (tried for 1 second(s) with 500 milliseconds interval)">
      <![CDATA[org.openqa.selenium.TimeoutException: Expected condition failed: waiting for element to be clickable: Proxy element for: DefaultElementLocator 'By.xpath: //img[@id='staticImage']' (tried for 1 second(s) with 500 milliseconds interval)
at org.openqa.selenium.support.ui.WebDriverWait.timeoutException(WebDriverWait.java:95)
at org.openqa.selenium.support.ui.FluentWait.until(FluentWait.java:272)
at amazonpages.HomePageAmazon.iFrameExample(HomePageAmazon.java:581)
at testamazonpages.TestHomePageAmazon.testIFrameExample(TestHomePageAmazon.java:180)
Caused by: org.openqa.selenium.NoSuchElementException: no such element: Unable to locate element: {"method":"xpath","selector":"//img[@id='staticImage']"}
  (Session info: chrome=73.0.3683.86)
  (Driver info: chromedriver=2.46.628411 (3324f4c8be9ff2f70a05a30ebc72ffb013e1a71e),platform=Mac OS X 10.14.3 x86_64) (WARNING: The server did not provide any stacktrace information)
Command duration or timeout: 0 milliseconds
For documentation on this error, please visit: https://www.seleniumhq.org/exceptions/no_such_element.html
Build info: version: '3.141.59', revision: 'e82be7d358', time: '2018-11-14T08:17:03'
System info: host: 'Varijas-MacBook-Pro.local', ip: 'fe80:0:0:0:4d4:5cbf:b365:82c8%en0', os.name: 'Mac OS X', os.arch: 'x86_64', os.version: '10.14.3', java.version: '1.8.0_201'
Driver info: org.openqa.selenium.chrome.ChromeDriver
Capabilities {acceptInsecureCerts: false, acceptSslCerts: false, applicationCacheEnabled: false, browserConnectionEnabled: false, browserName: chrome, chrome: {chromedriverVersion: 2.46.628411 (3324f4c8be9ff2..., userDataDir: /var/folders/5m/8t7g_9lj783...}, cssSelectorsEnabled: true, databaseEnabled: false, goog:chromeOptions: {debuggerAddress: localhost:52950}, handlesAlerts: true, hasTouchScreen: false, javascriptEnabled: true, locationContextEnabled: true, mobileEmulationEnabled: false, nativeEvents: true, networkConnectionEnabled: false, pageLoadStrategy: normal, platform: MAC, platformName: MAC, proxy: Proxy(), rotatable: false, setWindowRect: true, strictFileInteractability: false, takesHeapSnapshot: true, takesScreenshot: true, timeouts: {implicit: 0, pageLoad: 300000, script: 30000}, unexpectedAlertBehaviour: ignore, unhandledPromptBehavior: ignore, version: 73.0.3683.86, webStorageEnabled: true}
Session ID: 6e9308bded9ec2fc221cd8071193451e
*** Element info: {Using=xpath, value=//img[@id='staticImage']}
at org.openqa.selenium.remote.ErrorHandler.createThrowable(ErrorHandler.java:214)
at org.openqa.selenium.remote.ErrorHandler.throwIfResponseFailed(ErrorHandler.java:166)
at org.openqa.selenium.remote.http.JsonHttpResponseCodec.reconstructValue(JsonHttpResponseCodec.java:40)
at org.openqa.selenium.remote.http.AbstractHttpResponseCodec.decode(AbstractHttpResponseCodec.java:80)
at org.openqa.selenium.remote.http.AbstractHttpResponseCodec.decode(AbstractHttpResponseCodec.java:44)
at org.openqa.selenium.remote.HttpCommandExecutor.execute(HttpCommandExecutor.java:158)
at org.openqa.selenium.remote.service.DriverCommandExecutor.execute(DriverCommandExecutor.java:83)
at org.openqa.selenium.remote.RemoteWebDriver.execute(RemoteWebDriver.java:552)
at org.openqa.selenium.remote.RemoteWebDriver.findElement(RemoteWebDriver.java:323)
at org.openqa.selenium.remote.RemoteWebDriver.findElementByXPath(RemoteWebDriver.java:428)
at org.openqa.selenium.By$ByXPath.findElement(By.java:353)
at org.openqa.selenium.remote.RemoteWebDriver.findElement(RemoteWebDriver.java:315)
at org.openqa.selenium.support.pagefactory.DefaultElementLocator.findElement(DefaultElementLocator.java:69)
at org.openqa.selenium.support.pagefactory.internal.LocatingElementHandler.invoke(LocatingElementHandler.java:38)
at com.sun.proxy.$Proxy10.isDisplayed(Unknown Source)
at org.openqa.selenium.support.ui.ExpectedConditions.elementIfVisible(ExpectedConditions.java:314)
at org.openqa.selenium.support.ui.ExpectedConditions.access$000(ExpectedConditions.java:43)
at org.openqa.selenium.support.ui.ExpectedConditions$10.apply(ExpectedConditions.java:300)
at org.openqa.selenium.support.ui.ExpectedConditions$10.apply(ExpectedConditions.java:297)
at org.openqa.selenium.support.ui.ExpectedConditions$23.apply(ExpectedConditions.java:670)
at org.openqa.selenium.support.ui.ExpectedConditions$23.apply(ExpectedConditions.java:666)
at org.openqa.selenium.support.ui.FluentWait.until(FluentWait.java:249)
... 31 more
... Removed 33 stack frames]]>
    </failure>
  </testcase> <!-- testIFrameExample -->
  <testcase name="testImagePresent" time="0.13" classname="testamazonpages.TestHomePageAmazon"/>
  <testcase name="testInternalLinks" time="67.151" classname="testamazonpages.TestHomePageAmazon"/>
  <testcase name="testInvalidAccountSignIn" time="4.321" classname="testamazonpages.TestHomePageAmazon"/>
  <testcase name="testInvalidAccountSignIn" time="3.8" classname="testamazonpages.TestHomePageAmazon"/>
  <testcase name="testNavigation" time="2.4" classname="testamazonpages.TestHomePageAmazon"/>
  <testcase name="testPrimeLink" time="4.462" classname="testamazonpages.TestHomePageAmazon"/>
  <testcase name="testPrimePageTable" time="31.986" classname="testamazonpages.TestHomePageAmazon"/>
  <testcase name="testSearchButton" time="3.106" classname="testamazonpages.TestHomePageAmazon"/>
  <testcase name="testSearchForItems" time="4.671" classname="testamazonpages.TestHomePageAmazon"/>
  <testcase name="testSearchForItemsMongo" time="16.62" classname="testamazonpages.TestHomePageAmazon"/>
  <testcase name="testSearchItemsSql" time="16.351" classname="testamazonpages.TestHomePageAmazon"/>
  <testcase name="testSearchResults" time="2.207" classname="testamazonpages.TestHomePageAmazon"/>
  <testcase name="testSetDropdown" time="2.262" classname="testamazonpages.TestHomePageAmazon"/>
  <testcase name="testSignInLink" time="0.548" classname="testamazonpages.TestHomePageAmazon"/>
  <testcase name="testUpperRightLink" time="3.4" classname="testamazonpages.TestHomePageAmazon"/>
  <testcase name="testYourAccountLists" time="3.82" classname="testamazonpages.TestHomePageAmazon"/>
  <testcase name="testYourLists" time="6.018" classname="testamazonpages.TestHomePageAmazon"/>
</testsuite> <!-- Amazon Home -->
