<html>
<head>
<title>TestNG:  Amazon Home</title>
<link href="../testng.css" rel="stylesheet" type="text/css" />
<link href="../my-testng.css" rel="stylesheet" type="text/css" />

<style type="text/css">
.log { display: none;} 
.stack-trace { display: none;} 
</style>
<script type="text/javascript">
<!--
function flip(e) {
  current = e.style.display;
  if (current == 'block') {
    e.style.display = 'none';
    return 0;
  }
  else {
    e.style.display = 'block';
    return 1;
  }
}

function toggleBox(szDivId, elem, msg1, msg2)
{
  var res = -1;  if (document.getElementById) {
    res = flip(document.getElementById(szDivId));
  }
  else if (document.all) {
    // this is the way old msie versions work
    res = flip(document.all[szDivId]);
  }
  if(elem) {
    if(res == 0) elem.innerHTML = msg1; else elem.innerHTML = msg2;
  }

}

function toggleAllBoxes() {
  if (document.getElementsByTagName) {
    d = document.getElementsByTagName('div');
    for (i = 0; i < d.length; i++) {
      if (d[i].className == 'log') {
        flip(d[i]);
      }
    }
  }
}

// -->
</script>

</head>
<body>
<h2 align='center'>Amazon Home</h2><table border='1' align="center">
<tr>
<td>Tests passed/Failed/Skipped:</td><td>24/1/0</td>
</tr><tr>
<td>Started on:</td><td>Sat Mar 23 15:49:40 PDT 2019</td>
</tr>
<tr><td>Total time:</td><td>435 seconds (435527 ms)</td>
</tr><tr>
<td>Included groups:</td><td></td>
</tr><tr>
<td>Excluded groups:</td><td></td>
</tr>
</table><p/>
<small><i>(Hover the method name to see the test class name)</i></small><p/>
<table width='100%' border='1' class='invocation-failed'>
<tr><td colspan='4' align='center'><b>FAILED TESTS</b></td></tr>
<tr><td><b>Test method</b></td>
<td width="30%"><b>Exception</b></td>
<td width="10%"><b>Time (seconds)</b></td>
<td><b>Instance</b></td>
</tr>
<tr>
<td title='testamazonpages.TestHomePageAmazon.testIFrameExample()'><b>testIFrameExample</b><br>Test class: testamazonpages.TestHomePageAmazon<br>Test method: iframe</td>
<td><div><pre>org.openqa.selenium.TimeoutException: Expected condition failed: waiting for element to be clickable: Proxy element for: DefaultElementLocator &apos;By.xpath: //img[@id=&apos;staticImage&apos;]&apos; (tried for 1 second(s) with 500 milliseconds interval)
	at org.openqa.selenium.support.ui.WebDriverWait.timeoutException(WebDriverWait.java:95)
	at org.openqa.selenium.support.ui.FluentWait.until(FluentWait.java:272)
	at amazonpages.HomePageAmazon.iFrameExample(HomePageAmazon.java:581)
	at testamazonpages.TestHomePageAmazon.testIFrameExample(TestHomePageAmazon.java:180)
Caused by: org.openqa.selenium.NoSuchElementException: no such element: Unable to locate element: {&quot;method&quot;:&quot;xpath&quot;,&quot;selector&quot;:&quot;//img[@id=&apos;staticImage&apos;]&quot;}
  (Session info: chrome=73.0.3683.86)
  (Driver info: chromedriver=2.46.628411 (3324f4c8be9ff2f70a05a30ebc72ffb013e1a71e),platform=Mac OS X 10.14.3 x86_64) (WARNING: The server did not provide any stacktrace information)
Command duration or timeout: 0 milliseconds
For documentation on this error, please visit: https://www.seleniumhq.org/exceptions/no_such_element.html
Build info: version: &apos;3.141.59&apos;, revision: &apos;e82be7d358&apos;, time: &apos;2018-11-14T08:17:03&apos;
System info: host: &apos;Varijas-MacBook-Pro.local&apos;, ip: &apos;fe80:0:0:0:4d4:5cbf:b365:82c8%en0&apos;, os.name: &apos;Mac OS X&apos;, os.arch: &apos;x86_64&apos;, os.version: &apos;10.14.3&apos;, java.version: &apos;1.8.0_201&apos;
Driver info: org.openqa.selenium.chrome.ChromeDriver
Capabilities {acceptInsecureCerts: false, acceptSslCerts: false, applicationCacheEnabled: false, browserConnectionEnabled: false, browserName: chrome, chrome: {chromedriverVersion: 2.46.628411 (3324f4c8be9ff2..., userDataDir: /var/folders/5m/8t7g_9lj783...}, cssSelectorsEnabled: true, databaseEnabled: false, goog:chromeOptions: {debuggerAddress: localhost:52950}, handlesAlerts: true, hasTouchScreen: false, javascriptEnabled: true, locationContextEnabled: true, mobileEmulationEnabled: false, nativeEvents: true, networkConnectionEnabled: false, pageLoadStrategy: normal, platform: MAC, platformName: MAC, proxy: Proxy(), rotatable: false, setWindowRect: true, strictFileInteractability: false, takesHeapSnapshot: true, takesScreenshot: true, timeouts: {implicit: 0, pageLoad: 300000, script: 30000}, unexpectedAlertBehaviour: ignore, unhandledPromptBehavior: ignore, version: 73.0.3683.86, webStorageEnabled: true}
Session ID: 6e9308bded9ec2fc221cd8071193451e
*** Element info: {Using=xpath, value=//img[@id=&apos;staticImage&apos;]}
	at org.openqa.selenium.remote.ErrorHandler.createThrowable(ErrorHandler.java:214)
	at org.openqa.selenium.remote.ErrorHandler.throwIfResponseFailed(ErrorHandler.java:166)
	at org.openqa.selenium.remote.http.JsonHttpResponseCodec.reconstructValue(JsonHttpResponseCodec.java:40)
	at org.openqa.selenium.remote.http.AbstractHttpResponseCodec.decode(AbstractHttpResponseCodec.java:80)
	at org.openqa.selenium.remote.http.AbstractHttpResponseCodec.decode(AbstractHttpResponseCodec.java:44)
	at org.openqa.selenium.remote.HttpCommandExecutor.execute(HttpCommandExecutor.java:158)
	at org.openqa.selenium.remote.service.DriverCommandExecutor.execute(DriverCommandExecutor.java:83)
	at org.openqa.selenium.remote.RemoteWebDriver.execute(RemoteWebDriver.java:552)
	at org.openqa.selenium.remote.RemoteWebDriver.findElement(RemoteWebDriver.java:323)
	at org.openqa.selenium.remote.RemoteWebDriver.findElementByXPath(RemoteWebDriver.java:428)
	at org.openqa.selenium.By$ByXPath.findElement(By.java:353)
	at org.openqa.selenium.remote.RemoteWebDriver.findElement(RemoteWebDriver.java:315)
	at org.openqa.selenium.support.pagefactory.DefaultElementLocator.findElement(DefaultElementLocator.java:69)
	at org.openqa.selenium.support.pagefactory.internal.LocatingElementHandler.invoke(LocatingElementHandler.java:38)
	at com.sun.proxy.$Proxy10.isDisplayed(Unknown Source)
	at org.openqa.selenium.support.ui.ExpectedConditions.elementIfVisible(ExpectedConditions.java:314)
	at org.openqa.selenium.support.ui.ExpectedConditions.access$000(ExpectedConditions.java:43)
	at org.openqa.selenium.support.ui.ExpectedConditions$10.apply(ExpectedConditions.java:300)
	at org.openqa.selenium.support.ui.ExpectedConditions$10.apply(ExpectedConditions.java:297)
	at org.openqa.selenium.support.ui.ExpectedConditions$23.apply(ExpectedConditions.java:670)
	at org.openqa.selenium.support.ui.ExpectedConditions$23.apply(ExpectedConditions.java:666)
	at org.openqa.selenium.support.ui.FluentWait.until(FluentWait.java:249)
	... 31 more
... Removed 33 stack frames</pre></div><a href='#' onClick='toggleBox("stack-trace1612853208", this, "Click to show all stack frames", "Click to hide stack frames")'>Click to show all stack frames</a>
<div class='stack-trace' id='stack-trace1612853208'><pre>org.openqa.selenium.TimeoutException: Expected condition failed: waiting for element to be clickable: Proxy element for: DefaultElementLocator &apos;By.xpath: //img[@id=&apos;staticImage&apos;]&apos; (tried for 1 second(s) with 500 milliseconds interval)
	at org.openqa.selenium.support.ui.WebDriverWait.timeoutException(WebDriverWait.java:95)
	at org.openqa.selenium.support.ui.FluentWait.until(FluentWait.java:272)
	at amazonpages.HomePageAmazon.iFrameExample(HomePageAmazon.java:581)
	at testamazonpages.TestHomePageAmazon.testIFrameExample(TestHomePageAmazon.java:180)
	at sun.reflect.NativeMethodAccessorImpl.invoke0(Native Method)
	at sun.reflect.NativeMethodAccessorImpl.invoke(NativeMethodAccessorImpl.java:62)
	at sun.reflect.DelegatingMethodAccessorImpl.invoke(DelegatingMethodAccessorImpl.java:43)
	at java.lang.reflect.Method.invoke(Method.java:498)
	at org.testng.internal.MethodInvocationHelper.invokeMethod(MethodInvocationHelper.java:124)
	at org.testng.internal.Invoker.invokeMethod(Invoker.java:583)
	at org.testng.internal.Invoker.invokeTestMethod(Invoker.java:719)
	at org.testng.internal.Invoker.invokeTestMethods(Invoker.java:989)
	at org.testng.internal.TestMethodWorker.invokeTestMethods(TestMethodWorker.java:125)
	at org.testng.internal.TestMethodWorker.run(TestMethodWorker.java:109)
	at org.testng.TestRunner.privateRun(TestRunner.java:648)
	at org.testng.TestRunner.run(TestRunner.java:505)
	at org.testng.SuiteRunner.runTest(SuiteRunner.java:455)
	at org.testng.SuiteRunner.runSequentially(SuiteRunner.java:450)
	at org.testng.SuiteRunner.privateRun(SuiteRunner.java:415)
	at org.testng.SuiteRunner.run(SuiteRunner.java:364)
	at org.testng.SuiteRunnerWorker.runSuite(SuiteRunnerWorker.java:52)
	at org.testng.SuiteRunnerWorker.run(SuiteRunnerWorker.java:84)
	at org.testng.TestNG.runSuitesSequentially(TestNG.java:1208)
	at org.testng.TestNG.runSuitesLocally(TestNG.java:1137)
	at org.testng.TestNG.runSuites(TestNG.java:1049)
	at org.testng.TestNG.run(TestNG.java:1017)
	at org.apache.maven.surefire.testng.TestNGExecutor.run(TestNGExecutor.java:283)
	at org.apache.maven.surefire.testng.TestNGXmlTestSuite.execute(TestNGXmlTestSuite.java:75)
	at org.apache.maven.surefire.testng.TestNGProvider.invoke(TestNGProvider.java:120)
	at org.apache.maven.surefire.booter.ForkedBooter.invokeProviderInSameClassLoader(ForkedBooter.java:384)
	at org.apache.maven.surefire.booter.ForkedBooter.runSuitesInProcess(ForkedBooter.java:345)
	at org.apache.maven.surefire.booter.ForkedBooter.execute(ForkedBooter.java:126)
	at org.apache.maven.surefire.booter.ForkedBooter.main(ForkedBooter.java:418)
Caused by: org.openqa.selenium.NoSuchElementException: no such element: Unable to locate element: {&quot;method&quot;:&quot;xpath&quot;,&quot;selector&quot;:&quot;//img[@id=&apos;staticImage&apos;]&quot;}
  (Session info: chrome=73.0.3683.86)
  (Driver info: chromedriver=2.46.628411 (3324f4c8be9ff2f70a05a30ebc72ffb013e1a71e),platform=Mac OS X 10.14.3 x86_64) (WARNING: The server did not provide any stacktrace information)
Command duration or timeout: 0 milliseconds
For documentation on this error, please visit: https://www.seleniumhq.org/exceptions/no_such_element.html
Build info: version: &apos;3.141.59&apos;, revision: &apos;e82be7d358&apos;, time: &apos;2018-11-14T08:17:03&apos;
System info: host: &apos;Varijas-MacBook-Pro.local&apos;, ip: &apos;fe80:0:0:0:4d4:5cbf:b365:82c8%en0&apos;, os.name: &apos;Mac OS X&apos;, os.arch: &apos;x86_64&apos;, os.version: &apos;10.14.3&apos;, java.version: &apos;1.8.0_201&apos;
Driver info: org.openqa.selenium.chrome.ChromeDriver
Capabilities {acceptInsecureCerts: false, acceptSslCerts: false, applicationCacheEnabled: false, browserConnectionEnabled: false, browserName: chrome, chrome: {chromedriverVersion: 2.46.628411 (3324f4c8be9ff2..., userDataDir: /var/folders/5m/8t7g_9lj783...}, cssSelectorsEnabled: true, databaseEnabled: false, goog:chromeOptions: {debuggerAddress: localhost:52950}, handlesAlerts: true, hasTouchScreen: false, javascriptEnabled: true, locationContextEnabled: true, mobileEmulationEnabled: false, nativeEvents: true, networkConnectionEnabled: false, pageLoadStrategy: normal, platform: MAC, platformName: MAC, proxy: Proxy(), rotatable: false, setWindowRect: true, strictFileInteractability: false, takesHeapSnapshot: true, takesScreenshot: true, timeouts: {implicit: 0, pageLoad: 300000, script: 30000}, unexpectedAlertBehaviour: ignore, unhandledPromptBehavior: ignore, version: 73.0.3683.86, webStorageEnabled: true}
Session ID: 6e9308bded9ec2fc221cd8071193451e
*** Element info: {Using=xpath, value=//img[@id=&apos;staticImage&apos;]}
	at sun.reflect.NativeConstructorAccessorImpl.newInstance0(Native Method)
	at sun.reflect.NativeConstructorAccessorImpl.newInstance(NativeConstructorAccessorImpl.java:62)
	at sun.reflect.DelegatingConstructorAccessorImpl.newInstance(DelegatingConstructorAccessorImpl.java:45)
	at java.lang.reflect.Constructor.newInstance(Constructor.java:423)
	at org.openqa.selenium.remote.ErrorHandler.createThrowable(ErrorHandler.java:214)
	at org.openqa.selenium.remote.ErrorHandler.throwIfResponseFailed(ErrorHandler.java:166)
	at org.openqa.selenium.remote.http.JsonHttpResponseCodec.reconstructValue(JsonHttpResponseCodec.java:40)
	at org.openqa.selenium.remote.http.AbstractHttpResponseCodec.decode(AbstractHttpResponseCodec.java:80)
	at org.openqa.selenium.remote.http.AbstractHttpResponseCodec.decode(AbstractHttpResponseCodec.java:44)
	at org.openqa.selenium.remote.HttpCommandExecutor.execute(HttpCommandExecutor.java:158)
	at org.openqa.selenium.remote.service.DriverCommandExecutor.execute(DriverCommandExecutor.java:83)
	at org.openqa.selenium.remote.RemoteWebDriver.execute(RemoteWebDriver.java:552)
	at org.openqa.selenium.remote.RemoteWebDriver.findElement(RemoteWebDriver.java:323)
	at org.openqa.selenium.remote.RemoteWebDriver.findElementByXPath(RemoteWebDriver.java:428)
	at org.openqa.selenium.By$ByXPath.findElement(By.java:353)
	at org.openqa.selenium.remote.RemoteWebDriver.findElement(RemoteWebDriver.java:315)
	at org.openqa.selenium.support.pagefactory.DefaultElementLocator.findElement(DefaultElementLocator.java:69)
	at org.openqa.selenium.support.pagefactory.internal.LocatingElementHandler.invoke(LocatingElementHandler.java:38)
	at com.sun.proxy.$Proxy10.isDisplayed(Unknown Source)
	at org.openqa.selenium.support.ui.ExpectedConditions.elementIfVisible(ExpectedConditions.java:314)
	at org.openqa.selenium.support.ui.ExpectedConditions.access$000(ExpectedConditions.java:43)
	at org.openqa.selenium.support.ui.ExpectedConditions$10.apply(ExpectedConditions.java:300)
	at org.openqa.selenium.support.ui.ExpectedConditions$10.apply(ExpectedConditions.java:297)
	at org.openqa.selenium.support.ui.ExpectedConditions$23.apply(ExpectedConditions.java:670)
	at org.openqa.selenium.support.ui.ExpectedConditions$23.apply(ExpectedConditions.java:666)
	at org.openqa.selenium.support.ui.FluentWait.until(FluentWait.java:249)
	... 31 more
</pre></div></td>
<td>20</td>
<td>testamazonpages.TestHomePageAmazon@6537cf78</td></tr>
</table><p>
<table width='100%' border='1' class='invocation-passed'>
<tr><td colspan='4' align='center'><b>PASSED TESTS</b></td></tr>
<tr><td><b>Test method</b></td>
<td width="30%"><b>Exception</b></td>
<td width="10%"><b>Time (seconds)</b></td>
<td><b>Instance</b></td>
</tr>
<tr>
<td title='testamazonpages.TestHomePageAmazon.testAdFeedbackWindow()'><b>testAdFeedbackWindow</b><br>Test class: testamazonpages.TestHomePageAmazon<br>Test method: form, radiobuttons, text area</td>
<td></td>
<td>4</td>
<td>testamazonpages.TestHomePageAmazon@6537cf78</td></tr>
<tr>
<td title='testamazonpages.TestHomePageAmazon.testAddToCart()'><b>testAddToCart</b><br>Test class: testamazonpages.TestHomePageAmazon<br>Test method: Add to cart</td>
<td></td>
<td>12</td>
<td>testamazonpages.TestHomePageAmazon@6537cf78</td></tr>
<tr>
<td title='testamazonpages.TestHomePageAmazon.testCheckboxesInGiftCards()'><b>testCheckboxesInGiftCards</b><br>Test class: testamazonpages.TestHomePageAmazon<br>Test method: checkboxes</td>
<td></td>
<td>16</td>
<td>testamazonpages.TestHomePageAmazon@6537cf78</td></tr>
<tr>
<td title='testamazonpages.TestHomePageAmazon.testClickLangSettings()'><b>testClickLangSettings</b><br>Test class: testamazonpages.TestHomePageAmazon<br>Test method: ?</td>
<td></td>
<td>10</td>
<td>testamazonpages.TestHomePageAmazon@6537cf78</td></tr>
<tr>
<td title='testamazonpages.TestHomePageAmazon.testExaternalLinks()'><b>testExaternalLinks</b><br>Test class: testamazonpages.TestHomePageAmazon<br>Test method: External Links</td>
<td></td>
<td>82</td>
<td>testamazonpages.TestHomePageAmazon@6537cf78</td></tr>
<tr>
<td title='testamazonpages.TestHomePageAmazon.testGetDropdownOptions()'><b>testGetDropdownOptions</b><br>Test class: testamazonpages.TestHomePageAmazon<br>Test method: dropdown options</td>
<td></td>
<td>0</td>
<td>testamazonpages.TestHomePageAmazon@6537cf78</td></tr>
<tr>
<td title='testamazonpages.TestHomePageAmazon.testGetPrimePageTabs()'><b>testGetPrimePageTabs</b><br>Test class: testamazonpages.TestHomePageAmazon<br>Test method: tabs</td>
<td></td>
<td>12</td>
<td>testamazonpages.TestHomePageAmazon@6537cf78</td></tr>
<tr>
<td title='testamazonpages.TestHomePageAmazon.testImagePresent()'><b>testImagePresent</b><br>Test class: testamazonpages.TestHomePageAmazon<br>Test method: Image present test</td>
<td></td>
<td>0</td>
<td>testamazonpages.TestHomePageAmazon@6537cf78</td></tr>
<tr>
<td title='testamazonpages.TestHomePageAmazon.testInternalLinks()'><b>testInternalLinks</b><br>Test class: testamazonpages.TestHomePageAmazon<br>Test method: Internal Links</td>
<td></td>
<td>67</td>
<td>testamazonpages.TestHomePageAmazon@6537cf78</td></tr>
<tr>
<td title='testamazonpages.TestHomePageAmazon.testInvalidAccountSignIn()'><b>testInvalidAccountSignIn</b><br>Test class: testamazonpages.TestHomePageAmazon<br>Parameters: testuser1@test.com, testpassword1</td>
<td></td>
<td>4</td>
<td>testamazonpages.TestHomePageAmazon@6537cf78</td></tr>
<tr>
<td title='testamazonpages.TestHomePageAmazon.testInvalidAccountSignIn()'><b>testInvalidAccountSignIn</b><br>Test class: testamazonpages.TestHomePageAmazon<br>Parameters: testuser2@test.com, testpassword2</td>
<td></td>
<td>3</td>
<td>testamazonpages.TestHomePageAmazon@6537cf78</td></tr>
<tr>
<td title='testamazonpages.TestHomePageAmazon.testNavigation()'><b>testNavigation</b><br>Test class: testamazonpages.TestHomePageAmazon<br>Test method: navigation</td>
<td></td>
<td>2</td>
<td>testamazonpages.TestHomePageAmazon@6537cf78</td></tr>
<tr>
<td title='testamazonpages.TestHomePageAmazon.testPrimeLink()'><b>testPrimeLink</b><br>Test class: testamazonpages.TestHomePageAmazon<br>Test method: try prime</td>
<td></td>
<td>4</td>
<td>testamazonpages.TestHomePageAmazon@6537cf78</td></tr>
<tr>
<td title='testamazonpages.TestHomePageAmazon.testPrimePageTable()'><b>testPrimePageTable</b><br>Test class: testamazonpages.TestHomePageAmazon<br>Test method: web table</td>
<td></td>
<td>31</td>
<td>testamazonpages.TestHomePageAmazon@6537cf78</td></tr>
<tr>
<td title='testamazonpages.TestHomePageAmazon.testSearchButton()'><b>testSearchButton</b><br>Test class: testamazonpages.TestHomePageAmazon<br>Test method: search button</td>
<td></td>
<td>3</td>
<td>testamazonpages.TestHomePageAmazon@6537cf78</td></tr>
<tr>
<td title='testamazonpages.TestHomePageAmazon.testSearchForItems()'><b>testSearchForItems</b><br>Test class: testamazonpages.TestHomePageAmazon<br>Test method: search bar</td>
<td></td>
<td>4</td>
<td>testamazonpages.TestHomePageAmazon@6537cf78</td></tr>
<tr>
<td title='testamazonpages.TestHomePageAmazon.testSearchForItemsMongo()'><b>testSearchForItemsMongo</b><br>Test class: testamazonpages.TestHomePageAmazon<br>Test method: mongo database</td>
<td></td>
<td>16</td>
<td>testamazonpages.TestHomePageAmazon@6537cf78</td></tr>
<tr>
<td title='testamazonpages.TestHomePageAmazon.testSearchItemsSql()'><b>testSearchItemsSql</b><br>Test class: testamazonpages.TestHomePageAmazon<br>Test method: mysql test</td>
<td></td>
<td>16</td>
<td>testamazonpages.TestHomePageAmazon@6537cf78</td></tr>
<tr>
<td title='testamazonpages.TestHomePageAmazon.testSearchResults()'><b>testSearchResults</b><br>Test class: testamazonpages.TestHomePageAmazon<br>Test method: search results</td>
<td></td>
<td>2</td>
<td>testamazonpages.TestHomePageAmazon@6537cf78</td></tr>
<tr>
<td title='testamazonpages.TestHomePageAmazon.testSetDropdown()'><b>testSetDropdown</b><br>Test class: testamazonpages.TestHomePageAmazon<br>Test method: dropdown test1</td>
<td></td>
<td>2</td>
<td>testamazonpages.TestHomePageAmazon@6537cf78</td></tr>
<tr>
<td title='testamazonpages.TestHomePageAmazon.testSignInLink()'><b>testSignInLink</b><br>Test class: testamazonpages.TestHomePageAmazon<br>Test method: sign in</td>
<td></td>
<td>0</td>
<td>testamazonpages.TestHomePageAmazon@6537cf78</td></tr>
<tr>
<td title='testamazonpages.TestHomePageAmazon.testUpperRightLink()'><b>testUpperRightLink</b><br>Test class: testamazonpages.TestHomePageAmazon<br>Test method: top right link</td>
<td></td>
<td>3</td>
<td>testamazonpages.TestHomePageAmazon@6537cf78</td></tr>
<tr>
<td title='testamazonpages.TestHomePageAmazon.testYourAccountLists()'><b>testYourAccountLists</b><br>Test class: testamazonpages.TestHomePageAmazon<br>Test method: your account</td>
<td></td>
<td>3</td>
<td>testamazonpages.TestHomePageAmazon@6537cf78</td></tr>
<tr>
<td title='testamazonpages.TestHomePageAmazon.testYourLists()'><b>testYourLists</b><br>Test class: testamazonpages.TestHomePageAmazon<br>Test method: mouse hover your list link</td>
<td></td>
<td>6</td>
<td>testamazonpages.TestHomePageAmazon@6537cf78</td></tr>
</table><p>
</body>
</html>