<?xml version="1.0" encoding="UTF-8"?>
<!-- Generated by org.testng.reporters.JUnitReportReporter -->
<testsuite skipped="0" hostname="Varijas-MacBook-Pro.local" name="testamazonpages.TestHomePageAmazon" tests="25" failures="0" timestamp="23 Mar 2019 22:56:56 GMT" time="435.340" errors="1">
  <testcase name="testNavigation" time="8.965" classname="testamazonpages.TestHomePageAmazon"/>
  <testcase name="testSetDropdown" time="5.943" classname="testamazonpages.TestHomePageAmazon"/>
  <testcase name="testClickLangSettings" time="15.117" classname="testamazonpages.TestHomePageAmazon"/>
  <testcase name="testCheckboxesInGiftCards" time="20.328" classname="testamazonpages.TestHomePageAmazon"/>
  <testcase name="testSearchForItems" time="8.348" classname="testamazonpages.TestHomePageAmazon"/>
  <testcase name="testGetDropdownOptions" time="4.190" classname="testamazonpages.TestHomePageAmazon"/>
  <testcase name="testYourLists" time="11.685" classname="testamazonpages.TestHomePageAmazon"/>
  <testcase name="testGetPrimePageTabs" time="15.757" classname="testamazonpages.TestHomePageAmazon"/>
  <testcase name="testInternalLinks" time="70.834" classname="testamazonpages.TestHomePageAmazon"/>
  <testcase name="testYourAccountLists" time="10.111" classname="testamazonpages.TestHomePageAmazon"/>
  <testcase name="testPrimePageTable" time="36.515" classname="testamazonpages.TestHomePageAmazon"/>
  <testcase name="testInvalidAccountSignIn" time="7.599" classname="testamazonpages.TestHomePageAmazon"/>
  <testcase name="testSignInLink" time="4.303" classname="testamazonpages.TestHomePageAmazon"/>
  <testcase name="testSearchButton" time="7.074" classname="testamazonpages.TestHomePageAmazon"/>
  <testcase name="testInvalidAccountSignIn" time="8.026" classname="testamazonpages.TestHomePageAmazon"/>
  <testcase name="testSearchResults" time="5.754" classname="testamazonpages.TestHomePageAmazon"/>
  <testcase name="testExaternalLinks" time="85.965" classname="testamazonpages.TestHomePageAmazon"/>
  <testcase name="testPrimeLink" time="8.746" classname="testamazonpages.TestHomePageAmazon"/>
  <testcase name="testSearchItemsSql" time="20.025" classname="testamazonpages.TestHomePageAmazon"/>
  <testcase name="testImagePresent" time="3.647" classname="testamazonpages.TestHomePageAmazon"/>
  <testcase name="testIFrameExample" time="24.090" classname="testamazonpages.TestHomePageAmazon">
    <error type="org.openqa.selenium.TimeoutException" message="Expected condition failed: waiting for element to be clickable: Proxy element for: DefaultElementLocator &#039;By.xpath: //img[@id=&#039;staticImage&#039;]&#039; (tried for 1 second(s) with 500 milliseconds interval)">
      <![CDATA[org.openqa.selenium.TimeoutException: Expected condition failed: waiting for element to be clickable: Proxy element for: DefaultElementLocator 'By.xpath: //img[@id='staticImage']' (tried for 1 second(s) with 500 milliseconds interval)
at org.openqa.selenium.support.ui.WebDriverWait.timeoutException(WebDriverWait.java:95)
at org.openqa.selenium.support.ui.FluentWait.until(FluentWait.java:272)
at amazonpages.HomePageAmazon.iFrameExample(HomePageAmazon.java:581)
at testamazonpages.TestHomePageAmazon.testIFrameExample(TestHomePageAmazon.java:180)
at sun.reflect.NativeMethodAccessorImpl.invoke0(Native Method)
at sun.reflect.NativeMethodAccessorImpl.invoke(NativeMethodAccessorImpl.java:62)
at sun.reflect.DelegatingMethodAccessorImpl.invoke(DelegatingMethodAccessorImpl.java:43)
at java.lang.reflect.Method.invoke(Method.java:498)
at org.testng.internal.MethodInvocationHelper.invokeMethod(MethodInvocationHelper.java:124)
at org.testng.internal.Invoker.invokeMethod(Invoker.java:583)
at org.testng.internal.Invoker.invokeTestMethod(Invoker.java:719)
at org.testng.internal.Invoker.invokeTestMethods(Invoker.java:989)
at org.testng.internal.TestMethodWorker.invokeTestMethods(TestMethodWorker.java:125)
at org.testng.internal.TestMethodWorker.run(TestMethodWorker.java:109)
at org.testng.TestRunner.privateRun(TestRunner.java:648)
at org.testng.TestRunner.run(TestRunner.java:505)
at org.testng.SuiteRunner.runTest(SuiteRunner.java:455)
at org.testng.SuiteRunner.runSequentially(SuiteRunner.java:450)
at org.testng.SuiteRunner.privateRun(SuiteRunner.java:415)
at org.testng.SuiteRunner.run(SuiteRunner.java:364)
at org.testng.SuiteRunnerWorker.runSuite(SuiteRunnerWorker.java:52)
at org.testng.SuiteRunnerWorker.run(SuiteRunnerWorker.java:84)
at org.testng.TestNG.runSuitesSequentially(TestNG.java:1208)
at org.testng.TestNG.runSuitesLocally(TestNG.java:1137)
at org.testng.TestNG.runSuites(TestNG.java:1049)
at org.testng.TestNG.run(TestNG.java:1017)
at org.apache.maven.surefire.testng.TestNGExecutor.run(TestNGExecutor.java:283)
at org.apache.maven.surefire.testng.TestNGXmlTestSuite.execute(TestNGXmlTestSuite.java:75)
at org.apache.maven.surefire.testng.TestNGProvider.invoke(TestNGProvider.java:120)
at org.apache.maven.surefire.booter.ForkedBooter.invokeProviderInSameClassLoader(ForkedBooter.java:384)
at org.apache.maven.surefire.booter.ForkedBooter.runSuitesInProcess(ForkedBooter.java:345)
at org.apache.maven.surefire.booter.ForkedBooter.execute(ForkedBooter.java:126)
at org.apache.maven.surefire.booter.ForkedBooter.main(ForkedBooter.java:418)
Caused by: org.openqa.selenium.NoSuchElementException: no such element: Unable to locate element: {"method":"xpath","selector":"//img[@id='staticImage']"}
  (Session info: chrome=73.0.3683.86)
  (Driver info: chromedriver=2.46.628411 (3324f4c8be9ff2f70a05a30ebc72ffb013e1a71e),platform=Mac OS X 10.14.3 x86_64) (WARNING: The server did not provide any stacktrace information)
Command duration or timeout: 0 milliseconds
For documentation on this error, please visit: https://www.seleniumhq.org/exceptions/no_such_element.html
Build info: version: '3.141.59', revision: 'e82be7d358', time: '2018-11-14T08:17:03'
System info: host: 'Varijas-MacBook-Pro.local', ip: 'fe80:0:0:0:4d4:5cbf:b365:82c8%en0', os.name: 'Mac OS X', os.arch: 'x86_64', os.version: '10.14.3', java.version: '1.8.0_201'
Driver info: org.openqa.selenium.chrome.ChromeDriver
Capabilities {acceptInsecureCerts: false, acceptSslCerts: false, applicationCacheEnabled: false, browserConnectionEnabled: false, browserName: chrome, chrome: {chromedriverVersion: 2.46.628411 (3324f4c8be9ff2..., userDataDir: /var/folders/5m/8t7g_9lj783...}, cssSelectorsEnabled: true, databaseEnabled: false, goog:chromeOptions: {debuggerAddress: localhost:52950}, handlesAlerts: true, hasTouchScreen: false, javascriptEnabled: true, locationContextEnabled: true, mobileEmulationEnabled: false, nativeEvents: true, networkConnectionEnabled: false, pageLoadStrategy: normal, platform: MAC, platformName: MAC, proxy: Proxy(), rotatable: false, setWindowRect: true, strictFileInteractability: false, takesHeapSnapshot: true, takesScreenshot: true, timeouts: {implicit: 0, pageLoad: 300000, script: 30000}, unexpectedAlertBehaviour: ignore, unhandledPromptBehavior: ignore, version: 73.0.3683.86, webStorageEnabled: true}
Session ID: 6e9308bded9ec2fc221cd8071193451e
*** Element info: {Using=xpath, value=//img[@id='staticImage']}
at sun.reflect.NativeConstructorAccessorImpl.newInstance0(Native Method)
at sun.reflect.NativeConstructorAccessorImpl.newInstance(NativeConstructorAccessorImpl.java:62)
at sun.reflect.DelegatingConstructorAccessorImpl.newInstance(DelegatingConstructorAccessorImpl.java:45)
at java.lang.reflect.Constructor.newInstance(Constructor.java:423)
at org.openqa.selenium.remote.ErrorHandler.createThrowable(ErrorHandler.java:214)
at org.openqa.selenium.remote.ErrorHandler.throwIfResponseFailed(ErrorHandler.java:166)
at org.openqa.selenium.remote.http.JsonHttpResponseCodec.reconstructValue(JsonHttpResponseCodec.java:40)
at org.openqa.selenium.remote.http.AbstractHttpResponseCodec.decode(AbstractHttpResponseCodec.java:80)
at org.openqa.selenium.remote.http.AbstractHttpResponseCodec.decode(AbstractHttpResponseCodec.java:44)
at org.openqa.selenium.remote.HttpCommandExecutor.execute(HttpCommandExecutor.java:158)
at org.openqa.selenium.remote.service.DriverCommandExecutor.execute(DriverCommandExecutor.java:83)
at org.openqa.selenium.remote.RemoteWebDriver.execute(RemoteWebDriver.java:552)
at org.openqa.selenium.remote.RemoteWebDriver.findElement(RemoteWebDriver.java:323)
at org.openqa.selenium.remote.RemoteWebDriver.findElementByXPath(RemoteWebDriver.java:428)
at org.openqa.selenium.By$ByXPath.findElement(By.java:353)
at org.openqa.selenium.remote.RemoteWebDriver.findElement(RemoteWebDriver.java:315)
at org.openqa.selenium.support.pagefactory.DefaultElementLocator.findElement(DefaultElementLocator.java:69)
at org.openqa.selenium.support.pagefactory.internal.LocatingElementHandler.invoke(LocatingElementHandler.java:38)
at com.sun.proxy.$Proxy10.isDisplayed(Unknown Source)
at org.openqa.selenium.support.ui.ExpectedConditions.elementIfVisible(ExpectedConditions.java:314)
at org.openqa.selenium.support.ui.ExpectedConditions.access$000(ExpectedConditions.java:43)
at org.openqa.selenium.support.ui.ExpectedConditions$10.apply(ExpectedConditions.java:300)
at org.openqa.selenium.support.ui.ExpectedConditions$10.apply(ExpectedConditions.java:297)
at org.openqa.selenium.support.ui.ExpectedConditions$23.apply(ExpectedConditions.java:670)
at org.openqa.selenium.support.ui.ExpectedConditions$23.apply(ExpectedConditions.java:666)
at org.openqa.selenium.support.ui.FluentWait.until(FluentWait.java:249)
... 31 more
]]>
    </error>
  </testcase> <!-- testIFrameExample -->
  <testcase name="testSearchForItemsMongo" time="20.236" classname="testamazonpages.TestHomePageAmazon"/>
  <testcase name="testAdFeedbackWindow" time="7.776" classname="testamazonpages.TestHomePageAmazon"/>
  <testcase name="testAddToCart" time="16.566" classname="testamazonpages.TestHomePageAmazon"/>
  <testcase name="testUpperRightLink" time="7.740" classname="testamazonpages.TestHomePageAmazon"/>
</testsuite> <!-- testamazonpages.TestHomePageAmazon -->
