<html>
<head>
<title>TestNG:  Al Jazeera Home</title>
<link href="../testng.css" rel="stylesheet" type="text/css" />
<link href="../my-testng.css" rel="stylesheet" type="text/css" />

<style type="text/css">
.log { display: none;} 
.stack-trace { display: none;} 
</style>
<script type="text/javascript">
<!--
function flip(e) {
  current = e.style.display;
  if (current == 'block') {
    e.style.display = 'none';
    return 0;
  }
  else {
    e.style.display = 'block';
    return 1;
  }
}

function toggleBox(szDivId, elem, msg1, msg2)
{
  var res = -1;  if (document.getElementById) {
    res = flip(document.getElementById(szDivId));
  }
  else if (document.all) {
    // this is the way old msie versions work
    res = flip(document.all[szDivId]);
  }
  if(elem) {
    if(res == 0) elem.innerHTML = msg1; else elem.innerHTML = msg2;
  }

}

function toggleAllBoxes() {
  if (document.getElementsByTagName) {
    d = document.getElementsByTagName('div');
    for (i = 0; i < d.length; i++) {
      if (d[i].className == 'log') {
        flip(d[i]);
      }
    }
  }
}

// -->
</script>

</head>
<body>
<h2 align='center'>Al Jazeera Home</h2><table border='1' align="center">
<tr>
<td>Tests passed/Failed/Skipped:</td><td>10/2/0</td>
</tr><tr>
<td>Started on:</td><td>Sun Mar 24 03:36:01 EDT 2019</td>
</tr>
<tr><td>Total time:</td><td>451 seconds (451398 ms)</td>
</tr><tr>
<td>Included groups:</td><td></td>
</tr><tr>
<td>Excluded groups:</td><td></td>
</tr>
</table><p/>
<small><i>(Hover the method name to see the test class name)</i></small><p/>
<table width='100%' border='1' class='invocation-failed'>
<tr><td colspan='4' align='center'><b>FAILED TESTS</b></td></tr>
<tr><td><b>Test method</b></td>
<td width="30%"><b>Exception</b></td>
<td width="10%"><b>Time (seconds)</b></td>
<td><b>Instance</b></td>
</tr>
<tr>
<td title='testhomepage.testmenubar.TestTrending.checkPageTitleOfTrendingLinks()'><b>checkPageTitleOfTrendingLinks</b><br>Test class: testhomepage.testmenubar.TestTrending<br>Test method: Test #30-34</td>
<td><div><pre>java.lang.AssertionError: expected [Brazil News - Top stories from Al Jazeera] but found [Mozambique News - Top stories from Al Jazeera]
	at testhomepage.testmenubar.TestTrending.checkPageTitleOfTrendingLinks(TestTrending.java:49)
... Removed 35 stack frames</pre></div><a href='#' onClick='toggleBox("stack-trace727119352", this, "Click to show all stack frames", "Click to hide stack frames")'>Click to show all stack frames</a>
<div class='stack-trace' id='stack-trace727119352'><pre>java.lang.AssertionError: expected [Brazil News - Top stories from Al Jazeera] but found [Mozambique News - Top stories from Al Jazeera]
	at org.testng.Assert.fail(Assert.java:96)
	at org.testng.Assert.failNotEquals(Assert.java:776)
	at org.testng.Assert.assertEqualsImpl(Assert.java:137)
	at org.testng.Assert.assertEquals(Assert.java:118)
	at org.testng.Assert.assertEquals(Assert.java:453)
	at org.testng.Assert.assertEquals(Assert.java:463)
	at testhomepage.testmenubar.TestTrending.checkPageTitleOfTrendingLinks(TestTrending.java:49)
	at sun.reflect.NativeMethodAccessorImpl.invoke0(Native Method)
	at sun.reflect.NativeMethodAccessorImpl.invoke(NativeMethodAccessorImpl.java:62)
	at sun.reflect.DelegatingMethodAccessorImpl.invoke(DelegatingMethodAccessorImpl.java:43)
	at java.lang.reflect.Method.invoke(Method.java:498)
	at org.testng.internal.MethodInvocationHelper.invokeMethod(MethodInvocationHelper.java:124)
	at org.testng.internal.Invoker.invokeMethod(Invoker.java:583)
	at org.testng.internal.Invoker.invokeTestMethod(Invoker.java:719)
	at org.testng.internal.Invoker.invokeTestMethods(Invoker.java:989)
	at org.testng.internal.TestMethodWorker.invokeTestMethods(TestMethodWorker.java:125)
	at org.testng.internal.TestMethodWorker.run(TestMethodWorker.java:109)
	at org.testng.TestRunner.privateRun(TestRunner.java:648)
	at org.testng.TestRunner.run(TestRunner.java:505)
	at org.testng.SuiteRunner.runTest(SuiteRunner.java:455)
	at org.testng.SuiteRunner.runSequentially(SuiteRunner.java:450)
	at org.testng.SuiteRunner.privateRun(SuiteRunner.java:415)
	at org.testng.SuiteRunner.run(SuiteRunner.java:364)
	at org.testng.SuiteRunnerWorker.runSuite(SuiteRunnerWorker.java:52)
	at org.testng.SuiteRunnerWorker.run(SuiteRunnerWorker.java:84)
	at org.testng.TestNG.runSuitesSequentially(TestNG.java:1208)
	at org.testng.TestNG.runSuitesLocally(TestNG.java:1137)
	at org.testng.TestNG.runSuites(TestNG.java:1049)
	at org.testng.TestNG.run(TestNG.java:1017)
	at org.apache.maven.surefire.testng.TestNGExecutor.run(TestNGExecutor.java:283)
	at org.apache.maven.surefire.testng.TestNGXmlTestSuite.execute(TestNGXmlTestSuite.java:75)
	at org.apache.maven.surefire.testng.TestNGProvider.invoke(TestNGProvider.java:120)
	at org.apache.maven.surefire.booter.ForkedBooter.invokeProviderInSameClassLoader(ForkedBooter.java:384)
	at org.apache.maven.surefire.booter.ForkedBooter.runSuitesInProcess(ForkedBooter.java:345)
	at org.apache.maven.surefire.booter.ForkedBooter.execute(ForkedBooter.java:126)
	at org.apache.maven.surefire.booter.ForkedBooter.main(ForkedBooter.java:418)
</pre></div></td>
<td>76</td>
<td>testhomepage.testmenubar.TestTrending@531be3c5</td></tr>
<tr>
<td title='testhomepage.testmenubar.TestMenuLinks.clickAndCheckTitleOfMenuLinks()'><b>clickAndCheckTitleOfMenuLinks</b><br>Test class: testhomepage.testmenubar.TestMenuLinks<br>Test method: Test #3-10</td>
<td><div><pre>java.lang.AssertionError: expected [Breaking News, World News and Video from Al Jazeera] but found [Investigations - Al Jazeera English]
	at testhomepage.testmenubar.TestMenuLinks.clickAndCheckTitleOfMenuLinks(TestMenuLinks.java:53)
... Removed 35 stack frames</pre></div><a href='#' onClick='toggleBox("stack-trace685934", this, "Click to show all stack frames", "Click to hide stack frames")'>Click to show all stack frames</a>
<div class='stack-trace' id='stack-trace685934'><pre>java.lang.AssertionError: expected [Breaking News, World News and Video from Al Jazeera] but found [Investigations - Al Jazeera English]
	at org.testng.Assert.fail(Assert.java:96)
	at org.testng.Assert.failNotEquals(Assert.java:776)
	at org.testng.Assert.assertEqualsImpl(Assert.java:137)
	at org.testng.Assert.assertEquals(Assert.java:118)
	at org.testng.Assert.assertEquals(Assert.java:453)
	at org.testng.Assert.assertEquals(Assert.java:463)
	at testhomepage.testmenubar.TestMenuLinks.clickAndCheckTitleOfMenuLinks(TestMenuLinks.java:53)
	at sun.reflect.NativeMethodAccessorImpl.invoke0(Native Method)
	at sun.reflect.NativeMethodAccessorImpl.invoke(NativeMethodAccessorImpl.java:62)
	at sun.reflect.DelegatingMethodAccessorImpl.invoke(DelegatingMethodAccessorImpl.java:43)
	at java.lang.reflect.Method.invoke(Method.java:498)
	at org.testng.internal.MethodInvocationHelper.invokeMethod(MethodInvocationHelper.java:124)
	at org.testng.internal.Invoker.invokeMethod(Invoker.java:583)
	at org.testng.internal.Invoker.invokeTestMethod(Invoker.java:719)
	at org.testng.internal.Invoker.invokeTestMethods(Invoker.java:989)
	at org.testng.internal.TestMethodWorker.invokeTestMethods(TestMethodWorker.java:125)
	at org.testng.internal.TestMethodWorker.run(TestMethodWorker.java:109)
	at org.testng.TestRunner.privateRun(TestRunner.java:648)
	at org.testng.TestRunner.run(TestRunner.java:505)
	at org.testng.SuiteRunner.runTest(SuiteRunner.java:455)
	at org.testng.SuiteRunner.runSequentially(SuiteRunner.java:450)
	at org.testng.SuiteRunner.privateRun(SuiteRunner.java:415)
	at org.testng.SuiteRunner.run(SuiteRunner.java:364)
	at org.testng.SuiteRunnerWorker.runSuite(SuiteRunnerWorker.java:52)
	at org.testng.SuiteRunnerWorker.run(SuiteRunnerWorker.java:84)
	at org.testng.TestNG.runSuitesSequentially(TestNG.java:1208)
	at org.testng.TestNG.runSuitesLocally(TestNG.java:1137)
	at org.testng.TestNG.runSuites(TestNG.java:1049)
	at org.testng.TestNG.run(TestNG.java:1017)
	at org.apache.maven.surefire.testng.TestNGExecutor.run(TestNGExecutor.java:283)
	at org.apache.maven.surefire.testng.TestNGXmlTestSuite.execute(TestNGXmlTestSuite.java:75)
	at org.apache.maven.surefire.testng.TestNGProvider.invoke(TestNGProvider.java:120)
	at org.apache.maven.surefire.booter.ForkedBooter.invokeProviderInSameClassLoader(ForkedBooter.java:384)
	at org.apache.maven.surefire.booter.ForkedBooter.runSuitesInProcess(ForkedBooter.java:345)
	at org.apache.maven.surefire.booter.ForkedBooter.execute(ForkedBooter.java:126)
	at org.apache.maven.surefire.booter.ForkedBooter.main(ForkedBooter.java:418)
</pre></div></td>
<td>8</td>
<td>testhomepage.testmenubar.TestMenuLinks@5a61f5df</td></tr>
</table><p>
<table width='100%' border='1' class='invocation-passed'>
<tr><td colspan='4' align='center'><b>PASSED TESTS</b></td></tr>
<tr><td><b>Test method</b></td>
<td width="30%"><b>Exception</b></td>
<td width="10%"><b>Time (seconds)</b></td>
<td><b>Instance</b></td>
</tr>
<tr>
<td title='testhomepage.testmenubar.testdropdowns.TestNews.checkEachDropdownLink()'><b>checkEachDropdownLink</b><br>Test class: testhomepage.testmenubar.testdropdowns.TestNews<br>Test method: Test #41</td>
<td></td>
<td>42</td>
<td>testhomepage.testmenubar.testdropdowns.TestNews@52af6cff</td></tr>
<tr>
<td title='testhomepage.testmenubar.testdropdowns.TestNews.checkIfDropdownIsVisible()'><b>checkIfDropdownIsVisible</b><br>Test class: testhomepage.testmenubar.testdropdowns.TestNews<br>Test method: Test #40</td>
<td></td>
<td>1</td>
<td>testhomepage.testmenubar.testdropdowns.TestNews@52af6cff</td></tr>
<tr>
<td title='testhomepage.testmenubar.TestMenuLinks.checkMenuLinksWithDropdowns()'><b>checkMenuLinksWithDropdowns</b><br>Test class: testhomepage.testmenubar.TestMenuLinks<br>Test method: Test#11-#14</td>
<td></td>
<td>14</td>
<td>testhomepage.testmenubar.TestMenuLinks@5a61f5df</td></tr>
<tr>
<td title='testhomepage.testmenubar.TestMenuLinks.clickAllMenuLinks()'><b>clickAllMenuLinks</b><br>Test class: testhomepage.testmenubar.TestMenuLinks<br>Test method: Test #2</td>
<td></td>
<td>21</td>
<td>testhomepage.testmenubar.TestMenuLinks@5a61f5df</td></tr>
<tr>
<td title='testhomepage.testmenubar.TestSearchBar.testClickOnSearchButton()'><b>testClickOnSearchButton</b><br>Test class: testhomepage.testmenubar.TestSearchBar<br>Test method: Test #15</td>
<td></td>
<td>0</td>
<td>testhomepage.testmenubar.TestSearchBar@3551a94</td></tr>
<tr>
<td title='testhomepage.testmenubar.TestMenuLinks.testHomeTitle()'><b>testHomeTitle</b><br>Test class: testhomepage.testmenubar.TestMenuLinks<br>Test method: Test #1</td>
<td></td>
<td>0</td>
<td>testhomepage.testmenubar.TestMenuLinks@5a61f5df</td></tr>
<tr>
<td title='testhomepage.testmenubar.TestSearchBar.testSearch()'><b>testSearch</b><br>Test class: testhomepage.testmenubar.TestSearchBar<br>Test method: Test #16-#23</td>
<td></td>
<td>4</td>
<td>testhomepage.testmenubar.TestSearchBar@3551a94</td></tr>
<tr>
<td title='testhomepage.testmenubar.TestSearchBar.testSearchAndEnter()'><b>testSearchAndEnter</b><br>Test class: testhomepage.testmenubar.TestSearchBar<br>Test method: Test #24</td>
<td></td>
<td>34</td>
<td>testhomepage.testmenubar.TestSearchBar@3551a94</td></tr>
<tr>
<td title='testhomepage.testmenubar.TestTrending.testShowMoreButton()'><b>testShowMoreButton</b><br>Test class: testhomepage.testmenubar.TestTrending<br>Test method: Test #35-39</td>
<td></td>
<td>96</td>
<td>testhomepage.testmenubar.TestTrending@531be3c5</td></tr>
<tr>
<td title='testhomepage.testmenubar.TestTrending.testTrendingPageArticleTitle()'><b>testTrendingPageArticleTitle</b><br>Test class: testhomepage.testmenubar.TestTrending<br>Test method: Test #25-29</td>
<td></td>
<td>71</td>
<td>testhomepage.testmenubar.TestTrending@531be3c5</td></tr>
</table><p>
</body>
</html>